::1 - - [31/May/2023:12:04:03 +0000] "POST /video/video-upload HTTP/1.1" 200 70 "-" "PostmanRuntime/7.32.2"
::1 - - [31/May/2023:12:04:19 +0000] "POST /video/video-upload HTTP/1.1" 200 70 "-" "PostmanRuntime/7.32.2"
::1 - - [31/May/2023:12:04:58 +0000] "POST /video/video-upload HTTP/1.1" 200 142 "-" "PostmanRuntime/7.32.2"
::1 - - [31/May/2023:12:05:36 +0000] "POST /video/video-upload HTTP/1.1" 200 142 "-" "PostmanRuntime/7.32.2"
::1 - - [31/May/2023:12:05:46 +0000] "POST /video/video-upload HTTP/1.1" 200 142 "-" "PostmanRuntime/7.32.2"
::1 - - [31/May/2023:12:05:47 +0000] "POST /video/video-upload HTTP/1.1" 200 142 "-" "PostmanRuntime/7.32.2"
::1 - - [31/May/2023:12:05:48 +0000] "POST /video/video-upload HTTP/1.1" 200 142 "-" "PostmanRuntime/7.32.2"
::1 - - [31/May/2023:12:06:06 +0000] "POST /video/video-upload HTTP/1.1" 200 142 "-" "PostmanRuntime/7.32.2"
::1 - - [31/May/2023:12:06:18 +0000] "POST /video/video-upload HTTP/1.1" 200 112 "-" "PostmanRuntime/7.32.2"
::1 - - [31/May/2023:12:07:08 +0000] "POST /video/video-upload HTTP/1.1" 200 112 "-" "PostmanRuntime/7.32.2"
::1 - - [05/Jun/2023:04:21:15 +0000] "POST /video/video-upload HTTP/1.1" 200 112 "-" "PostmanRuntime/7.32.2"
::1 - - [05/Jun/2023:04:22:02 +0000] "POST /video/video-upload HTTP/1.1" 200 78 "-" "PostmanRuntime/7.32.2"
::1 - - [05/Jun/2023:04:22:20 +0000] "POST /video/video-upload HTTP/1.1" 200 78 "-" "PostmanRuntime/7.32.2"
::1 - - [05/Jun/2023:04:26:02 +0000] "GET /video/ffmpeg/fileinfo HTTP/1.1" 200 54 "-" "PostmanRuntime/7.32.2"
::1 - - [05/Jun/2023:04:26:29 +0000] "GET /video/ffmpeg/fileinfo HTTP/1.1" 200 54 "-" "PostmanRuntime/7.32.2"
::1 - - [05/Jun/2023:05:09:35 +0000] "GET /video/ffmpeg/fileinfo HTTP/1.1" 200 54 "-" "PostmanRuntime/7.32.2"
::1 - - [05/Jun/2023:05:09:59 +0000] "POST /video/video-upload HTTP/1.1" 200 112 "-" "PostmanRuntime/7.32.2"
::1 - - [05/Jun/2023:05:10:56 +0000] "POST /video/video-upload HTTP/1.1" 200 78 "-" "PostmanRuntime/7.32.2"
::1 - - [05/Jun/2023:05:11:09 +0000] "POST /video/video-upload HTTP/1.1" 200 78 "-" "PostmanRuntime/7.32.2"
::1 - - [05/Jun/2023:05:12:09 +0000] "POST /video/video-upload HTTP/1.1" 200 62 "-" "PostmanRuntime/7.32.2"
::1 - - [05/Jun/2023:05:12:14 +0000] "POST /video/video-upload HTTP/1.1" 200 62 "-" "PostmanRuntime/7.32.2"
::1 - - [05/Jun/2023:05:16:17 +0000] "POST /video/video-upload HTTP/1.1" 200 112 "-" "PostmanRuntime/7.32.2"
::1 - - [05/Jun/2023:05:16:20 +0000] "POST /video/video-upload HTTP/1.1" 200 112 "-" "PostmanRuntime/7.32.2"
::1 - - [05/Jun/2023:05:18:06 +0000] "POST /video/video-upload HTTP/1.1" 200 78 "-" "PostmanRuntime/7.32.2"
::1 - - [05/Jun/2023:05:18:20 +0000] "POST /video/video-upload HTTP/1.1" 200 78 "-" "PostmanRuntime/7.32.2"
::1 - - [05/Jun/2023:05:19:11 +0000] "POST /video/video-upload HTTP/1.1" 200 62 "-" "PostmanRuntime/7.32.2"
::1 - - [05/Jun/2023:05:19:20 +0000] "POST /video/video-upload HTTP/1.1" 200 62 "-" "PostmanRuntime/7.32.2"
::1 - - [05/Jun/2023:05:19:24 +0000] "POST /video/video-upload HTTP/1.1" 200 62 "-" "PostmanRuntime/7.32.2"
::1 - - [05/Jun/2023:05:19:39 +0000] "POST /video/video-upload HTTP/1.1" 200 112 "-" "PostmanRuntime/7.32.2"
::1 - - [05/Jun/2023:05:19:43 +0000] "POST /video/video-upload HTTP/1.1" 200 112 "-" "PostmanRuntime/7.32.2"
::1 - - [05/Jun/2023:05:20:58 +0000] "POST /video/video-upload HTTP/1.1" 200 62 "-" "PostmanRuntime/7.32.2"
::1 - - [05/Jun/2023:05:21:03 +0000] "POST /video/video-upload HTTP/1.1" 200 62 "-" "PostmanRuntime/7.32.2"
::1 - - [05/Jun/2023:05:24:46 +0000] "POST /video/video-upload HTTP/1.1" 200 62 "-" "PostmanRuntime/7.32.2"
::1 - - [05/Jun/2023:05:24:49 +0000] "POST /video/video-upload HTTP/1.1" 200 62 "-" "PostmanRuntime/7.32.2"
::1 - - [05/Jun/2023:05:32:28 +0000] "POST /video/video-upload HTTP/1.1" 200 112 "-" "PostmanRuntime/7.32.2"
::1 - - [05/Jun/2023:05:34:02 +0000] "POST /video/video-upload HTTP/1.1" 400 37 "-" "PostmanRuntime/7.32.2"
::1 - - [05/Jun/2023:05:34:12 +0000] "POST /video/video-upload HTTP/1.1" 400 44 "-" "PostmanRuntime/7.32.2"
::1 - - [05/Jun/2023:05:35:44 +0000] "POST /video/video-upload HTTP/1.1" 400 37 "-" "PostmanRuntime/7.32.2"
::1 - - [05/Jun/2023:05:36:00 +0000] "POST /video/video-upload HTTP/1.1" 200 112 "-" "PostmanRuntime/7.32.2"
::1 - - [05/Jun/2023:05:37:35 +0000] "POST /video/video-upload HTTP/1.1" 200 78 "-" "PostmanRuntime/7.32.2"
::1 - - [05/Jun/2023:05:37:49 +0000] "POST /video/video-upload HTTP/1.1" 200 78 "-" "PostmanRuntime/7.32.2"
::1 - - [05/Jun/2023:05:38:00 +0000] "POST /video/video-upload HTTP/1.1" 200 78 "-" "PostmanRuntime/7.32.2"
::1 - - [05/Jun/2023:05:41:44 +0000] "POST /video/video-upload HTTP/1.1" 200 182 "-" "PostmanRuntime/7.32.2"
::1 - - [05/Jun/2023:05:44:24 +0000] "POST /video/video-upload HTTP/1.1" 400 37 "-" "PostmanRuntime/7.32.2"
::1 - - [05/Jun/2023:05:44:35 +0000] "POST /video/video-upload HTTP/1.1" 200 182 "-" "PostmanRuntime/7.32.2"
::1 - - [05/Jun/2023:06:08:38 +0000] "GET /video/ffmpeg/fileinfo HTTP/1.1" 200 54 "-" "PostmanRuntime/7.32.2"
::1 - - [05/Jun/2023:06:09:37 +0000] "GET /video/ffmpeg/fileinfo HTTP/1.1" 200 54 "-" "PostmanRuntime/7.32.2"
::1 - - [05/Jun/2023:06:09:47 +0000] "GET /video/ffmpeg/fileinfo HTTP/1.1" 200 54 "-" "PostmanRuntime/7.32.2"
::1 - - [05/Jun/2023:06:10:08 +0000] "GET /video/ffmpeg/fileinfo HTTP/1.1" 200 2773 "-" "PostmanRuntime/7.32.2"
::1 - - [05/Jun/2023:06:13:07 +0000] "GET /video/ffmpeg/fileinfo HTTP/1.1" 200 28 "-" "PostmanRuntime/7.32.2"
::1 - - [05/Jun/2023:06:13:31 +0000] "GET /video/ffmpeg/fileinfo HTTP/1.1" 200 15 "-" "PostmanRuntime/7.32.2"
::1 - - [05/Jun/2023:06:14:21 +0000] "GET /video/ffmpeg/fileinfo HTTP/1.1" 200 15 "-" "PostmanRuntime/7.32.2"
::1 - - [05/Jun/2023:06:14:42 +0000] "GET /video/ffmpeg/fileinfo HTTP/1.1" 200 15 "-" "PostmanRuntime/7.32.2"
::1 - - [05/Jun/2023:06:14:54 +0000] "GET /video/ffmpeg/fileinfo HTTP/1.1" 200 15 "-" "PostmanRuntime/7.32.2"
::1 - - [05/Jun/2023:06:15:18 +0000] "GET /video/ffmpeg/fileinfo HTTP/1.1" 200 15 "-" "PostmanRuntime/7.32.2"
::1 - - [05/Jun/2023:06:16:02 +0000] "GET /video/ffmpeg/fileinfo HTTP/1.1" 200 15 "-" "PostmanRuntime/7.32.2"
::1 - - [05/Jun/2023:06:16:37 +0000] "GET /video/ffmpeg/fileinfo HTTP/1.1" 200 40 "-" "PostmanRuntime/7.32.2"
::1 - - [06/Jun/2023:06:59:56 +0000] "POST /video/video-upload HTTP/1.1" 200 112 "-" "PostmanRuntime/7.32.2"
::1 - - [06/Jun/2023:07:03:37 +0000] "POST /video/video-upload HTTP/1.1" 200 112 "-" "PostmanRuntime/7.32.2"
::1 - - [06/Jun/2023:07:27:21 +0000] "POST /video/video-upload HTTP/1.1" 200 112 "-" "PostmanRuntime/7.32.2"
::1 - - [06/Jun/2023:07:28:02 +0000] "POST /video/video-upload HTTP/1.1" 200 112 "-" "PostmanRuntime/7.32.2"
::1 - - [06/Jun/2023:08:01:14 +0000] "POST /video/video-upload HTTP/1.1" 200 112 "-" "PostmanRuntime/7.32.2"
::1 - - [06/Jun/2023:08:01:43 +0000] "POST /video/video-upload HTTP/1.1" 200 112
[0mPOST /video/video-upload [32m200[0m 13.564 ms - 112[0m
::1 - POST /video/video-upload HTTP/1.1 200 112 - 13.912 ms
POST /video/video-upload 200 112 - 13.243 ms
::1 - - [06/Jun/2023:08:04:00 +0000] "POST /video/video-upload HTTP/1.1" 200 112 "-" "PostmanRuntime/7.32.2"
